g:\repogitory_jp\nobu7_yool_retsuden_editor\oniguruma\debug\oniguruma.pdb
g:\repogitory_jp\nobu7_yool_retsuden_editor\oniguruma\debug\oniguruma.idb
g:\repogitory_jp\nobu7_yool_retsuden_editor\oniguruma\debug\regcomp.obj
g:\repogitory_jp\nobu7_yool_retsuden_editor\oniguruma\debug\regenc.obj
g:\repogitory_jp\nobu7_yool_retsuden_editor\oniguruma\debug\regerror.obj
g:\repogitory_jp\nobu7_yool_retsuden_editor\oniguruma\debug\regexec.obj
g:\repogitory_jp\nobu7_yool_retsuden_editor\oniguruma\debug\regext.obj
g:\repogitory_jp\nobu7_yool_retsuden_editor\oniguruma\debug\reggnu.obj
g:\repogitory_jp\nobu7_yool_retsuden_editor\oniguruma\debug\regparse.obj
g:\repogitory_jp\nobu7_yool_retsuden_editor\oniguruma\debug\regposerr.obj
g:\repogitory_jp\nobu7_yool_retsuden_editor\oniguruma\debug\regposix.obj
g:\repogitory_jp\nobu7_yool_retsuden_editor\oniguruma\debug\regsyntax.obj
g:\repogitory_jp\nobu7_yool_retsuden_editor\oniguruma\debug\regtrav.obj
g:\repogitory_jp\nobu7_yool_retsuden_editor\oniguruma\debug\regversion.obj
g:\repogitory_jp\nobu7_yool_retsuden_editor\oniguruma\debug\sjis.obj
g:\repogitory_jp\nobu7_yool_retsuden_editor\oniguruma\debug\st.obj
g:\repogitory_jp\nobu7_yool_retsuden_editor\oniguruma\debug\unicode.obj
g:\repogitory_jp\nobu7_yool_retsuden_editor\oniguruma\debug\utf16_be.obj
g:\repogitory_jp\nobu7_yool_retsuden_editor\oniguruma\debug\utf16_le.obj
g:\repogitory_jp\nobu7_yool_retsuden_editor\oniguruma\debug\utf32_be.obj
g:\repogitory_jp\nobu7_yool_retsuden_editor\oniguruma\debug\utf32_le.obj
g:\repogitory_jp\nobu7_yool_retsuden_editor\oniguruma\debug\utf8.obj
g:\repogitory_jp\nobu7_yool_retsuden_editor\oniguruma\debug\euc_kr.obj
g:\repogitory_jp\nobu7_yool_retsuden_editor\oniguruma\debug\euc_tw.obj
g:\repogitory_jp\nobu7_yool_retsuden_editor\oniguruma\debug\gb18030.obj
g:\repogitory_jp\nobu7_yool_retsuden_editor\oniguruma\debug\iso8859_1.obj
g:\repogitory_jp\nobu7_yool_retsuden_editor\oniguruma\debug\iso8859_10.obj
g:\repogitory_jp\nobu7_yool_retsuden_editor\oniguruma\debug\iso8859_11.obj
g:\repogitory_jp\nobu7_yool_retsuden_editor\oniguruma\debug\iso8859_13.obj
g:\repogitory_jp\nobu7_yool_retsuden_editor\oniguruma\debug\iso8859_14.obj
g:\repogitory_jp\nobu7_yool_retsuden_editor\oniguruma\debug\iso8859_15.obj
g:\repogitory_jp\nobu7_yool_retsuden_editor\oniguruma\debug\iso8859_16.obj
g:\repogitory_jp\nobu7_yool_retsuden_editor\oniguruma\debug\iso8859_2.obj
g:\repogitory_jp\nobu7_yool_retsuden_editor\oniguruma\debug\iso8859_3.obj
g:\repogitory_jp\nobu7_yool_retsuden_editor\oniguruma\debug\iso8859_4.obj
g:\repogitory_jp\nobu7_yool_retsuden_editor\oniguruma\debug\iso8859_5.obj
g:\repogitory_jp\nobu7_yool_retsuden_editor\oniguruma\debug\iso8859_6.obj
g:\repogitory_jp\nobu7_yool_retsuden_editor\oniguruma\debug\iso8859_7.obj
g:\repogitory_jp\nobu7_yool_retsuden_editor\oniguruma\debug\iso8859_8.obj
g:\repogitory_jp\nobu7_yool_retsuden_editor\oniguruma\debug\iso8859_9.obj
g:\repogitory_jp\nobu7_yool_retsuden_editor\oniguruma\debug\koi8.obj
g:\repogitory_jp\nobu7_yool_retsuden_editor\oniguruma\debug\koi8_r.obj
g:\repogitory_jp\nobu7_yool_retsuden_editor\oniguruma\debug\ascii.obj
g:\repogitory_jp\nobu7_yool_retsuden_editor\oniguruma\debug\big5.obj
g:\repogitory_jp\nobu7_yool_retsuden_editor\oniguruma\debug\cp1251.obj
g:\repogitory_jp\nobu7_yool_retsuden_editor\oniguruma\debug\euc_jp.obj
g:\repogitory_jp\nobu7_yool_retsuden_editor\debug\oniguruma.lib
g:\repogitory_jp\nobu7_tool_retsuden_editor\oniguruma\debug\ascii.obj
g:\repogitory_jp\nobu7_tool_retsuden_editor\oniguruma\debug\big5.obj
g:\repogitory_jp\nobu7_tool_retsuden_editor\oniguruma\debug\cp1251.obj
g:\repogitory_jp\nobu7_tool_retsuden_editor\oniguruma\debug\euc_jp.obj
g:\repogitory_jp\nobu7_tool_retsuden_editor\oniguruma\debug\euc_kr.obj
g:\repogitory_jp\nobu7_tool_retsuden_editor\oniguruma\debug\euc_tw.obj
g:\repogitory_jp\nobu7_tool_retsuden_editor\oniguruma\debug\gb18030.obj
g:\repogitory_jp\nobu7_tool_retsuden_editor\oniguruma\debug\iso8859_1.obj
g:\repogitory_jp\nobu7_tool_retsuden_editor\oniguruma\debug\iso8859_10.obj
g:\repogitory_jp\nobu7_tool_retsuden_editor\oniguruma\debug\iso8859_11.obj
g:\repogitory_jp\nobu7_tool_retsuden_editor\oniguruma\debug\iso8859_13.obj
g:\repogitory_jp\nobu7_tool_retsuden_editor\oniguruma\debug\iso8859_14.obj
g:\repogitory_jp\nobu7_tool_retsuden_editor\oniguruma\debug\iso8859_15.obj
g:\repogitory_jp\nobu7_tool_retsuden_editor\oniguruma\debug\iso8859_16.obj
g:\repogitory_jp\nobu7_tool_retsuden_editor\oniguruma\debug\iso8859_2.obj
g:\repogitory_jp\nobu7_tool_retsuden_editor\oniguruma\debug\iso8859_3.obj
g:\repogitory_jp\nobu7_tool_retsuden_editor\oniguruma\debug\iso8859_4.obj
g:\repogitory_jp\nobu7_tool_retsuden_editor\oniguruma\debug\iso8859_5.obj
g:\repogitory_jp\nobu7_tool_retsuden_editor\oniguruma\debug\iso8859_6.obj
g:\repogitory_jp\nobu7_tool_retsuden_editor\oniguruma\debug\iso8859_7.obj
g:\repogitory_jp\nobu7_tool_retsuden_editor\oniguruma\debug\iso8859_8.obj
g:\repogitory_jp\nobu7_tool_retsuden_editor\oniguruma\debug\iso8859_9.obj
g:\repogitory_jp\nobu7_tool_retsuden_editor\oniguruma\debug\koi8.obj
g:\repogitory_jp\nobu7_tool_retsuden_editor\oniguruma\debug\koi8_r.obj
g:\repogitory_jp\nobu7_tool_retsuden_editor\oniguruma\debug\regcomp.obj
g:\repogitory_jp\nobu7_tool_retsuden_editor\oniguruma\debug\regenc.obj
g:\repogitory_jp\nobu7_tool_retsuden_editor\oniguruma\debug\regerror.obj
g:\repogitory_jp\nobu7_tool_retsuden_editor\oniguruma\debug\regexec.obj
g:\repogitory_jp\nobu7_tool_retsuden_editor\oniguruma\debug\regext.obj
g:\repogitory_jp\nobu7_tool_retsuden_editor\oniguruma\debug\reggnu.obj
g:\repogitory_jp\nobu7_tool_retsuden_editor\oniguruma\debug\regparse.obj
g:\repogitory_jp\nobu7_tool_retsuden_editor\oniguruma\debug\regposerr.obj
g:\repogitory_jp\nobu7_tool_retsuden_editor\oniguruma\debug\regposix.obj
g:\repogitory_jp\nobu7_tool_retsuden_editor\oniguruma\debug\regsyntax.obj
g:\repogitory_jp\nobu7_tool_retsuden_editor\oniguruma\debug\regtrav.obj
g:\repogitory_jp\nobu7_tool_retsuden_editor\oniguruma\debug\regversion.obj
g:\repogitory_jp\nobu7_tool_retsuden_editor\oniguruma\debug\sjis.obj
g:\repogitory_jp\nobu7_tool_retsuden_editor\oniguruma\debug\st.obj
g:\repogitory_jp\nobu7_tool_retsuden_editor\oniguruma\debug\unicode.obj
g:\repogitory_jp\nobu7_tool_retsuden_editor\oniguruma\debug\utf16_be.obj
g:\repogitory_jp\nobu7_tool_retsuden_editor\oniguruma\debug\utf16_le.obj
g:\repogitory_jp\nobu7_tool_retsuden_editor\oniguruma\debug\utf32_be.obj
g:\repogitory_jp\nobu7_tool_retsuden_editor\oniguruma\debug\utf32_le.obj
g:\repogitory_jp\nobu7_tool_retsuden_editor\oniguruma\debug\utf8.obj
g:\repogitory_jp\nobu7_tool_retsuden_editor\oniguruma\debug\oniguruma.idb
g:\repogitory_jp\nobu7_tool_retsuden_editor\oniguruma\debug\oniguruma.pdb
g:\repogitory_jp\nobu7_tool_retsuden_editor\debug\oniguruma.pdb
g:\repogitory_jp\nobu7_tool_retsuden_editor\debug\oniguruma.lib
g:\repogitory_jp\nobu7_tool_retsuden_editor\oniguruma\debug\oniguruma.tlog\cl.command.1.tlog
g:\repogitory_jp\nobu7_tool_retsuden_editor\oniguruma\debug\oniguruma.tlog\cl.read.1.tlog
g:\repogitory_jp\nobu7_tool_retsuden_editor\oniguruma\debug\oniguruma.tlog\cl.write.1.tlog
g:\repogitory_jp\nobu7_tool_retsuden_editor\oniguruma\debug\oniguruma.tlog\lib-link.read.1.tlog
g:\repogitory_jp\nobu7_tool_retsuden_editor\oniguruma\debug\oniguruma.tlog\lib-link.write.1.tlog
g:\repogitory_jp\nobu7_tool_retsuden_editor\oniguruma\debug\oniguruma.tlog\lib.command.1.tlog
