cl : コマンド ライン warning D9035: オプション 'Gm' の使用は現在推奨されていません。今後のバージョンからは削除されます。
  utf8.c
  utf32_le.c
  utf32_be.c
  utf16_le.c
  utf16_be.c
  unicode.c
  st.c
  sjis.c
  regversion.c
  regtrav.c
  regsyntax.c
  regposix.c
  regposerr.c
  regparse.c
  reggnu.c
  regext.c
  regexec.c
  regerror.c
  regenc.c
  regcomp.c
  コードを生成中...
  コンパイル中...
  koi8_r.c
  koi8.c
  iso8859_9.c
  iso8859_8.c
  iso8859_7.c
  iso8859_6.c
  iso8859_5.c
  iso8859_4.c
  iso8859_3.c
  iso8859_2.c
  iso8859_16.c
  iso8859_15.c
  iso8859_14.c
  iso8859_13.c
  iso8859_11.c
  iso8859_10.c
  iso8859_1.c
  gb18030.c
  euc_tw.c
  euc_kr.c
  コードを生成中...
  コンパイル中...
  euc_jp.c
  cp1251.c
  big5.c
  ascii.c
  コードを生成中...
  oniguruma.vcxproj -> G:\repogitory_jp\nobu7_tool_retsuden_editor\Debug\oniguruma.lib
