  CnvHankakuZenakaku.cpp
  DotNetStringToMultiByte.cpp
  LS11DotNet.cpp
  main.cpp
  ls11_decode.cpp
  ls11_decodePack.cpp
  ls11_encode.cpp
  ls11_encodePack.cpp
  ls11_getFileData.cpp
  ls11_joinData.cpp
  ls11_outFileData.cpp
  ls11_splitData.cpp
  OnigRegex.cpp
  OutputDebugStream.cpp
c:\nobu7_tool_retsuden_editor\retsudeneditor\native\ls11_splitdata.cpp(27): warning C4267: '引数': 'size_t' から '_Ty' に変換しました。データが失われているかもしれません。
          with
          [
              _Ty=WORD
          ]
c:\nobu7_tool_retsuden_editor\retsudeneditor\native\ls11_decode.cpp(175): warning C4302: '型キャスト': 'const char *' から 'unsigned char' へ切り詰めます。
c:\nobu7_tool_retsuden_editor\retsudeneditor\native\ls11_decode.cpp(184): warning C4302: '型キャスト': 'const char *' から 'unsigned char' へ切り詰めます。
  .NETFramework,Version=v4.7.2.AssemblyAttributes.cpp
  RetsudenEditor.vcxproj -> C:\nobu7_tool_retsuden_editor\Release\RetsudenEditor.exe
