c:\nobu7_tool_retsuden_editor\retsudeneditor\release\ls11_encodepack.obj
c:\nobu7_tool_retsuden_editor\retsudeneditor\release\outputdebugstream.obj
c:\nobu7_tool_retsuden_editor\retsudeneditor\release\ls11_decode.obj
c:\nobu7_tool_retsuden_editor\retsudeneditor\release\onigregex.obj
c:\nobu7_tool_retsuden_editor\retsudeneditor\release\ls11_getfiledata.obj
c:\nobu7_tool_retsuden_editor\retsudeneditor\release\main.obj
c:\nobu7_tool_retsuden_editor\retsudeneditor\release\cnvhankakuzenakaku.obj
c:\nobu7_tool_retsuden_editor\retsudeneditor\release\ls11_joindata.obj
c:\nobu7_tool_retsuden_editor\retsudeneditor\release\ls11_splitdata.obj
c:\nobu7_tool_retsuden_editor\retsudeneditor\release\dotnetstringtomultibyte.obj
c:\nobu7_tool_retsuden_editor\retsudeneditor\release\ls11dotnet.obj
c:\nobu7_tool_retsuden_editor\retsudeneditor\release\ls11_encode.obj
c:\nobu7_tool_retsuden_editor\retsudeneditor\release\ls11_decodepack.obj
c:\nobu7_tool_retsuden_editor\retsudeneditor\release\ls11_outfiledata.obj
c:\nobu7_tool_retsuden_editor\retsudeneditor\release\vc141.pdb
c:\nobu7_tool_retsuden_editor\retsudeneditor\release\.netframework,version=v4.7.2.assemblyattributes.obj
c:\nobu7_tool_retsuden_editor\retsudeneditor\release\.netframework,version=v4.7.2.assemblyattributes.asm
c:\nobu7_tool_retsuden_editor\release\retsudeneditor.exe
c:\nobu7_tool_retsuden_editor\retsudeneditor\release\retsudeneditor.res
c:\nobu7_tool_retsuden_editor\retsudeneditor\release\retsudeneditor.retsudeneditorres.resources
c:\nobu7_tool_retsuden_editor\retsudeneditor\release\retsudeneditor.vcxproj.assemblyreference.cache
c:\nobu7_tool_retsuden_editor\retsudeneditor\release\retsudeneditor.vcxproj.generateresource.cache
c:\nobu7_tool_retsuden_editor\retsudeneditor\release\retsudeneditor.tlog\cl.command.1.tlog
c:\nobu7_tool_retsuden_editor\retsudeneditor\release\retsudeneditor.tlog\cl.read.1.tlog
c:\nobu7_tool_retsuden_editor\retsudeneditor\release\retsudeneditor.tlog\cl.write.1.tlog
c:\nobu7_tool_retsuden_editor\retsudeneditor\release\retsudeneditor.tlog\link.command.1.tlog
c:\nobu7_tool_retsuden_editor\retsudeneditor\release\retsudeneditor.tlog\link.read.1.tlog
c:\nobu7_tool_retsuden_editor\retsudeneditor\release\retsudeneditor.tlog\link.write.1.tlog
c:\nobu7_tool_retsuden_editor\retsudeneditor\release\retsudeneditor.tlog\metagen.read.1.tlog
c:\nobu7_tool_retsuden_editor\retsudeneditor\release\retsudeneditor.tlog\metagen.write.1.tlog
c:\nobu7_tool_retsuden_editor\retsudeneditor\release\retsudeneditor.tlog\rc.command.1.tlog
c:\nobu7_tool_retsuden_editor\retsudeneditor\release\retsudeneditor.tlog\rc.read.1.tlog
c:\nobu7_tool_retsuden_editor\retsudeneditor\release\retsudeneditor.tlog\rc.write.1.tlog
c:\nobu7_tool_retsuden_editor\retsudeneditor\release\retsudeneditor.tlog\retsudeneditor.write.1u.tlog
