g:\repogitory_jp\nobu7_yool_retsuden_editor\retsudeneditor\debug\vc141.pdb
g:\repogitory_jp\nobu7_yool_retsuden_editor\retsudeneditor\debug\outputdebugstream.obj
g:\repogitory_jp\nobu7_yool_retsuden_editor\retsudeneditor\debug\onigregex.obj
g:\repogitory_jp\nobu7_yool_retsuden_editor\retsudeneditor\debug\ls11_splitdata.obj
g:\repogitory_jp\nobu7_yool_retsuden_editor\retsudeneditor\debug\ls11_outfiledata.obj
g:\repogitory_jp\nobu7_yool_retsuden_editor\retsudeneditor\debug\ls11_joindata.obj
g:\repogitory_jp\nobu7_yool_retsuden_editor\retsudeneditor\debug\ls11_getfiledata.obj
g:\repogitory_jp\nobu7_yool_retsuden_editor\retsudeneditor\debug\ls11_encodepack.obj
g:\repogitory_jp\nobu7_yool_retsuden_editor\retsudeneditor\debug\ls11_encode.obj
g:\repogitory_jp\nobu7_yool_retsuden_editor\retsudeneditor\debug\ls11_decodepack.obj
g:\repogitory_jp\nobu7_yool_retsuden_editor\retsudeneditor\debug\ls11_decode.obj
g:\repogitory_jp\nobu7_yool_retsuden_editor\retsudeneditor\debug\main.obj
g:\repogitory_jp\nobu7_yool_retsuden_editor\retsudeneditor\debug\ls11dotnet.obj
g:\repogitory_jp\nobu7_yool_retsuden_editor\retsudeneditor\debug\dotnetstringtomultibyte.obj
g:\repogitory_jp\nobu7_yool_retsuden_editor\retsudeneditor\debug\cnvhankakuzenakaku.obj
g:\repogitory_jp\nobu7_yool_retsuden_editor\retsudeneditor\debug\.netframework,version=v4.7.2.assemblyattributes.obj
g:\repogitory_jp\nobu7_yool_retsuden_editor\retsudeneditor\debug\.netframework,version=v4.7.2.assemblyattributes.asm
g:\repogitory_jp\nobu7_yool_retsuden_editor\debug\retsudeneditor.exe
g:\repogitory_jp\nobu7_yool_retsuden_editor\debug\retsudeneditor.pdb
g:\repogitory_jp\nobu7_yool_retsuden_editor\retsudeneditor\debug\retsudeneditor.res
g:\repogitory_jp\nobu7_yool_retsuden_editor\retsudeneditor\debug\retsudeneditor.retsudeneditorres.resources
g:\repogitory_jp\nobu7_yool_retsuden_editor\retsudeneditor\debug\retsudeneditor.vcxproj.assemblyreference.cache
g:\repogitory_jp\nobu7_yool_retsuden_editor\retsudeneditor\debug\retsudeneditor.vcxproj.generateresource.cache
g:\repogitory_jp\nobu7_yool_retsuden_editor\retsudeneditor\debug\retsudeneditor.vcxproj.suggestedbindingredirects.cache
g:\repogitory_jp\nobu7_yool_retsuden_editor\retsudeneditor\debug\retsudeneditor.tlog\cl.command.1.tlog
g:\repogitory_jp\nobu7_yool_retsuden_editor\retsudeneditor\debug\retsudeneditor.tlog\cl.read.1.tlog
g:\repogitory_jp\nobu7_yool_retsuden_editor\retsudeneditor\debug\retsudeneditor.tlog\cl.write.1.tlog
g:\repogitory_jp\nobu7_yool_retsuden_editor\retsudeneditor\debug\retsudeneditor.tlog\link.command.1.tlog
g:\repogitory_jp\nobu7_yool_retsuden_editor\retsudeneditor\debug\retsudeneditor.tlog\link.read.1.tlog
g:\repogitory_jp\nobu7_yool_retsuden_editor\retsudeneditor\debug\retsudeneditor.tlog\link.write.1.tlog
g:\repogitory_jp\nobu7_yool_retsuden_editor\retsudeneditor\debug\retsudeneditor.tlog\metagen.read.1.tlog
g:\repogitory_jp\nobu7_yool_retsuden_editor\retsudeneditor\debug\retsudeneditor.tlog\metagen.write.1.tlog
g:\repogitory_jp\nobu7_yool_retsuden_editor\retsudeneditor\debug\retsudeneditor.tlog\rc.command.1.tlog
g:\repogitory_jp\nobu7_yool_retsuden_editor\retsudeneditor\debug\retsudeneditor.tlog\rc.read.1.tlog
g:\repogitory_jp\nobu7_yool_retsuden_editor\retsudeneditor\debug\retsudeneditor.tlog\rc.write.1.tlog
g:\repogitory_jp\nobu7_yool_retsuden_editor\retsudeneditor\debug\retsudeneditor.tlog\retsudeneditor.write.1u.tlog
