c:\usr\koei\tenshouki95\dllwrap\retsudeneditor\oniguruma\release\vc120.pdb
c:\usr\koei\tenshouki95\dllwrap\retsudeneditor\oniguruma\release\iso8859_7.obj
c:\usr\koei\tenshouki95\dllwrap\retsudeneditor\oniguruma\release\iso8859_6.obj
c:\usr\koei\tenshouki95\dllwrap\retsudeneditor\oniguruma\release\iso8859_5.obj
c:\usr\koei\tenshouki95\dllwrap\retsudeneditor\oniguruma\release\iso8859_4.obj
c:\usr\koei\tenshouki95\dllwrap\retsudeneditor\oniguruma\release\iso8859_3.obj
c:\usr\koei\tenshouki95\dllwrap\retsudeneditor\oniguruma\release\iso8859_2.obj
c:\usr\koei\tenshouki95\dllwrap\retsudeneditor\oniguruma\release\iso8859_16.obj
c:\usr\koei\tenshouki95\dllwrap\retsudeneditor\oniguruma\release\iso8859_15.obj
c:\usr\koei\tenshouki95\dllwrap\retsudeneditor\oniguruma\release\iso8859_14.obj
c:\usr\koei\tenshouki95\dllwrap\retsudeneditor\oniguruma\release\iso8859_13.obj
c:\usr\koei\tenshouki95\dllwrap\retsudeneditor\oniguruma\release\iso8859_11.obj
c:\usr\koei\tenshouki95\dllwrap\retsudeneditor\oniguruma\release\iso8859_10.obj
c:\usr\koei\tenshouki95\dllwrap\retsudeneditor\oniguruma\release\iso8859_1.obj
c:\usr\koei\tenshouki95\dllwrap\retsudeneditor\oniguruma\release\gb18030.obj
c:\usr\koei\tenshouki95\dllwrap\retsudeneditor\oniguruma\release\euc_tw.obj
c:\usr\koei\tenshouki95\dllwrap\retsudeneditor\oniguruma\release\euc_kr.obj
c:\usr\koei\tenshouki95\dllwrap\retsudeneditor\oniguruma\release\euc_jp.obj
c:\usr\koei\tenshouki95\dllwrap\retsudeneditor\oniguruma\release\cp1251.obj
c:\usr\koei\tenshouki95\dllwrap\retsudeneditor\oniguruma\release\big5.obj
c:\usr\koei\tenshouki95\dllwrap\retsudeneditor\oniguruma\release\ascii.obj
c:\usr\koei\tenshouki95\dllwrap\retsudeneditor\oniguruma\release\utf16_be.obj
c:\usr\koei\tenshouki95\dllwrap\retsudeneditor\oniguruma\release\unicode.obj
c:\usr\koei\tenshouki95\dllwrap\retsudeneditor\oniguruma\release\st.obj
c:\usr\koei\tenshouki95\dllwrap\retsudeneditor\oniguruma\release\sjis.obj
c:\usr\koei\tenshouki95\dllwrap\retsudeneditor\oniguruma\release\regversion.obj
c:\usr\koei\tenshouki95\dllwrap\retsudeneditor\oniguruma\release\regtrav.obj
c:\usr\koei\tenshouki95\dllwrap\retsudeneditor\oniguruma\release\regsyntax.obj
c:\usr\koei\tenshouki95\dllwrap\retsudeneditor\oniguruma\release\regposix.obj
c:\usr\koei\tenshouki95\dllwrap\retsudeneditor\oniguruma\release\regposerr.obj
c:\usr\koei\tenshouki95\dllwrap\retsudeneditor\oniguruma\release\regparse.obj
c:\usr\koei\tenshouki95\dllwrap\retsudeneditor\oniguruma\release\reggnu.obj
c:\usr\koei\tenshouki95\dllwrap\retsudeneditor\oniguruma\release\regext.obj
c:\usr\koei\tenshouki95\dllwrap\retsudeneditor\oniguruma\release\regexec.obj
c:\usr\koei\tenshouki95\dllwrap\retsudeneditor\oniguruma\release\regerror.obj
c:\usr\koei\tenshouki95\dllwrap\retsudeneditor\oniguruma\release\regenc.obj
c:\usr\koei\tenshouki95\dllwrap\retsudeneditor\oniguruma\release\regcomp.obj
c:\usr\koei\tenshouki95\dllwrap\retsudeneditor\oniguruma\release\koi8_r.obj
c:\usr\koei\tenshouki95\dllwrap\retsudeneditor\oniguruma\release\koi8.obj
c:\usr\koei\tenshouki95\dllwrap\retsudeneditor\oniguruma\release\iso8859_9.obj
c:\usr\koei\tenshouki95\dllwrap\retsudeneditor\oniguruma\release\iso8859_8.obj
c:\usr\koei\tenshouki95\dllwrap\retsudeneditor\oniguruma\release\utf8.obj
c:\usr\koei\tenshouki95\dllwrap\retsudeneditor\oniguruma\release\utf32_le.obj
c:\usr\koei\tenshouki95\dllwrap\retsudeneditor\oniguruma\release\utf32_be.obj
c:\usr\koei\tenshouki95\dllwrap\retsudeneditor\oniguruma\release\utf16_le.obj
c:\usr\koei\tenshouki95\dllwrap\retsudeneditor\release\oniguruma.lib
g:\repogitory_jp\nobu7_yool_retsuden_editor\oniguruma\release\oniguruma.tlog\cl.command.1.tlog
g:\repogitory_jp\nobu7_yool_retsuden_editor\oniguruma\release\oniguruma.tlog\cl.read.1.tlog
g:\repogitory_jp\nobu7_yool_retsuden_editor\oniguruma\release\oniguruma.tlog\cl.write.1.tlog
g:\repogitory_jp\nobu7_yool_retsuden_editor\oniguruma\release\oniguruma.tlog\lib-link.read.1.tlog
g:\repogitory_jp\nobu7_yool_retsuden_editor\oniguruma\release\oniguruma.tlog\lib-link.write.1.tlog
g:\repogitory_jp\nobu7_yool_retsuden_editor\oniguruma\release\oniguruma.tlog\lib.command.1.tlog
